<?xml version="1.0" encoding="UTF-8"?>
<!-- Generated by org.testng.reporters.JUnitReportReporter -->
<testsuite hostname="LAPTOP-8M7TIE6G" failures="0" tests="4" name="Practice.AppiumFramework.TC_01" time="75.415" errors="0" timestamp="2020-12-28T10:10:59 IST" skipped="3">
  <testcase classname="Practice.AppiumFramework.TC_01" name="testCase5" time="75.415"/>
  <system-out/>
  <testcase classname="Practice.AppiumFramework.TC_01" name="testCase4">
    <skipped/>
  </testcase> <!-- testCase4 -->
  <system-out/>
  <testcase classname="Practice.AppiumFramework.TC_01" name="testCase1">
    <skipped/>
  </testcase> <!-- testCase1 -->
  <system-out/>
  <testcase classname="Practice.AppiumFramework.TC_01" name="testCase3">
    <skipped/>
  </testcase> <!-- testCase3 -->
  <system-out/>
</testsuite> <!-- Practice.AppiumFramework.TC_01 -->
